INFO - 2023-06-12 07:26:38 --> Session: Class initialized using 'CodeIgniter\Session\Handlers\FileHandler' driver.
INFO - 2023-06-12 07:26:39 --> Session: Class initialized using 'CodeIgniter\Session\Handlers\FileHandler' driver.
INFO - 2023-06-12 07:26:55 --> Session: Class initialized using 'CodeIgniter\Session\Handlers\FileHandler' driver.
INFO - 2023-06-12 07:26:57 --> Session: Class initialized using 'CodeIgniter\Session\Handlers\FileHandler' driver.
INFO - 2023-06-12 07:27:16 --> Session: Class initialized using 'CodeIgniter\Session\Handlers\FileHandler' driver.
CRITICAL - 2023-06-12 07:27:16 --> Undefined variable: session
in APPPATH\Views\admin\includes\alert_bar.php on line 10.
 1 APPPATH\Views\admin\includes\alert_bar.php(10): CodeIgniter\Debug\Exceptions->errorHandler(8, 'Undefined variable: session', 'E:\\xampp\\htdocs\\yourlibaas_v4\\app\\Views\\admin\\includes\\alert_bar.php', 10, [...])
 2 SYSTEMPATH\View\View.php(213): include('E:\\xampp\\htdocs\\yourlibaas_v4\\app\\Views\\admin\\includes\\alert_bar.php')
 3 SYSTEMPATH\View\View.php(216): CodeIgniter\View\View->CodeIgniter\View\{closure}()
 4 SYSTEMPATH\View\View.php(431): CodeIgniter\View\View->render('admin/includes/alert_bar', null, true)
 5 APPPATH\Views\admin\settings\stores.php(6): CodeIgniter\View\View->include('admin/includes/alert_bar')
 6 SYSTEMPATH\View\View.php(213): include('E:\\xampp\\htdocs\\yourlibaas_v4\\app\\Views\\admin\\settings\\stores.php')
 7 SYSTEMPATH\View\View.php(216): CodeIgniter\View\View->CodeIgniter\View\{closure}()
 8 APPPATH\Controllers\Admin\Settings.php(18): CodeIgniter\View\View->render('admin/settings/stores')
 9 SYSTEMPATH\CodeIgniter.php(934): App\Controllers\Admin\Settings->index()
10 SYSTEMPATH\CodeIgniter.php(499): CodeIgniter\CodeIgniter->runController(Object(App\Controllers\Admin\Settings))
11 SYSTEMPATH\CodeIgniter.php(368): CodeIgniter\CodeIgniter->handleRequest(null, Object(Config\Cache), false)
12 FCPATH\index.php(67): CodeIgniter\CodeIgniter->run()
13 SYSTEMPATH\Commands\Server\rewrite.php(47): require_once('E:\\xampp\\htdocs\\yourlibaas_v4\\public\\index.php')
INFO - 2023-06-12 07:27:36 --> Session: Class initialized using 'CodeIgniter\Session\Handlers\FileHandler' driver.
CRITICAL - 2023-06-12 07:27:36 --> Call to undefined function get_instance()
in APPPATH\Helpers\comm_helper.php on line 747.
 1 APPPATH\Views\admin\settings\stores.php(65): encode_url('2')
 2 SYSTEMPATH\View\View.php(213): include('E:\\xampp\\htdocs\\yourlibaas_v4\\app\\Views\\admin\\settings\\stores.php')
 3 SYSTEMPATH\View\View.php(216): CodeIgniter\View\View->CodeIgniter\View\{closure}()
 4 APPPATH\Controllers\Admin\Settings.php(18): CodeIgniter\View\View->render('admin/settings/stores')
 5 SYSTEMPATH\CodeIgniter.php(934): App\Controllers\Admin\Settings->index()
 6 SYSTEMPATH\CodeIgniter.php(499): CodeIgniter\CodeIgniter->runController(Object(App\Controllers\Admin\Settings))
 7 SYSTEMPATH\CodeIgniter.php(368): CodeIgniter\CodeIgniter->handleRequest(null, Object(Config\Cache), false)
 8 FCPATH\index.php(67): CodeIgniter\CodeIgniter->run()
 9 SYSTEMPATH\Commands\Server\rewrite.php(47): require_once('E:\\xampp\\htdocs\\yourlibaas_v4\\public\\index.php')
INFO - 2023-06-12 07:28:23 --> Session: Class initialized using 'CodeIgniter\Session\Handlers\FileHandler' driver.
INFO - 2023-06-12 07:30:08 --> Session: Class initialized using 'CodeIgniter\Session\Handlers\FileHandler' driver.
INFO - 2023-06-12 07:32:05 --> Session: Class initialized using 'CodeIgniter\Session\Handlers\FileHandler' driver.
INFO - 2023-06-12 07:33:39 --> Session: Class initialized using 'CodeIgniter\Session\Handlers\FileHandler' driver.
INFO - 2023-06-12 07:34:01 --> Session: Class initialized using 'CodeIgniter\Session\Handlers\FileHandler' driver.
INFO - 2023-06-12 07:35:06 --> Session: Class initialized using 'CodeIgniter\Session\Handlers\FileHandler' driver.
INFO - 2023-06-12 07:43:48 --> Session: Class initialized using 'CodeIgniter\Session\Handlers\FileHandler' driver.
INFO - 2023-06-12 07:44:16 --> Session: Class initialized using 'CodeIgniter\Session\Handlers\FileHandler' driver.
INFO - 2023-06-12 07:56:08 --> Session: Class initialized using 'CodeIgniter\Session\Handlers\FileHandler' driver.
INFO - 2023-06-12 07:56:29 --> Session: Class initialized using 'CodeIgniter\Session\Handlers\FileHandler' driver.
INFO - 2023-06-12 08:22:28 --> Session: Class initialized using 'CodeIgniter\Session\Handlers\FileHandler' driver.
INFO - 2023-06-12 08:23:20 --> Session: Class initialized using 'CodeIgniter\Session\Handlers\FileHandler' driver.
INFO - 2023-06-12 08:23:43 --> Session: Class initialized using 'CodeIgniter\Session\Handlers\FileHandler' driver.
INFO - 2023-06-12 08:24:58 --> Session: Class initialized using 'CodeIgniter\Session\Handlers\FileHandler' driver.
INFO - 2023-06-12 08:26:28 --> Session: Class initialized using 'CodeIgniter\Session\Handlers\FileHandler' driver.
INFO - 2023-06-12 08:27:42 --> Session: Class initialized using 'CodeIgniter\Session\Handlers\FileHandler' driver.
INFO - 2023-06-12 08:35:21 --> Session: Class initialized using 'CodeIgniter\Session\Handlers\FileHandler' driver.
INFO - 2023-06-12 08:36:10 --> Session: Class initialized using 'CodeIgniter\Session\Handlers\FileHandler' driver.
INFO - 2023-06-12 08:37:03 --> Session: Class initialized using 'CodeIgniter\Session\Handlers\FileHandler' driver.
INFO - 2023-06-12 08:39:24 --> Session: Class initialized using 'CodeIgniter\Session\Handlers\FileHandler' driver.
INFO - 2023-06-12 08:40:07 --> Session: Class initialized using 'CodeIgniter\Session\Handlers\FileHandler' driver.
INFO - 2023-06-12 08:55:23 --> Session: Class initialized using 'CodeIgniter\Session\Handlers\FileHandler' driver.
INFO - 2023-06-12 08:55:38 --> Session: Class initialized using 'CodeIgniter\Session\Handlers\FileHandler' driver.
INFO - 2023-06-12 08:55:47 --> Session: Class initialized using 'CodeIgniter\Session\Handlers\FileHandler' driver.
INFO - 2023-06-12 08:56:33 --> Session: Class initialized using 'CodeIgniter\Session\Handlers\FileHandler' driver.
INFO - 2023-06-12 08:57:56 --> Session: Class initialized using 'CodeIgniter\Session\Handlers\FileHandler' driver.
INFO - 2023-06-12 08:58:10 --> Session: Class initialized using 'CodeIgniter\Session\Handlers\FileHandler' driver.
INFO - 2023-06-12 08:58:52 --> Session: Class initialized using 'CodeIgniter\Session\Handlers\FileHandler' driver.
INFO - 2023-06-12 09:04:34 --> Session: Class initialized using 'CodeIgniter\Session\Handlers\FileHandler' driver.
INFO - 2023-06-12 09:06:04 --> Session: Class initialized using 'CodeIgniter\Session\Handlers\FileHandler' driver.
INFO - 2023-06-12 09:06:21 --> Session: Class initialized using 'CodeIgniter\Session\Handlers\FileHandler' driver.
INFO - 2023-06-12 09:06:51 --> Session: Class initialized using 'CodeIgniter\Session\Handlers\FileHandler' driver.
INFO - 2023-06-12 09:07:06 --> Session: Class initialized using 'CodeIgniter\Session\Handlers\FileHandler' driver.
INFO - 2023-06-12 09:07:43 --> Session: Class initialized using 'CodeIgniter\Session\Handlers\FileHandler' driver.
INFO - 2023-06-12 09:07:58 --> Session: Class initialized using 'CodeIgniter\Session\Handlers\FileHandler' driver.
INFO - 2023-06-12 09:10:02 --> Session: Class initialized using 'CodeIgniter\Session\Handlers\FileHandler' driver.
CRITICAL - 2023-06-12 09:10:02 --> Undefined property: CodeIgniter\HTTP\IncomingRequest::$IncomingRequest
in APPPATH\Controllers\Admin\Ajax.php on line 44.
 1 APPPATH\Controllers\Admin\Ajax.php(44): CodeIgniter\Debug\Exceptions->errorHandler(8, 'Undefined property: CodeIgniter\\HTTP\\IncomingRequest::$IncomingRequest', 'E:\\xampp\\htdocs\\yourlibaas_v4\\app\\Controllers\\Admin\\Ajax.php', 44, [])
 2 SYSTEMPATH\CodeIgniter.php(934): App\Controllers\Admin\Ajax->fetchEdits()
 3 SYSTEMPATH\CodeIgniter.php(499): CodeIgniter\CodeIgniter->runController(Object(App\Controllers\Admin\Ajax))
 4 SYSTEMPATH\CodeIgniter.php(368): CodeIgniter\CodeIgniter->handleRequest(null, Object(Config\Cache), false)
 5 FCPATH\index.php(67): CodeIgniter\CodeIgniter->run()
 6 SYSTEMPATH\Commands\Server\rewrite.php(47): require_once('E:\\xampp\\htdocs\\yourlibaas_v4\\public\\index.php')
INFO - 2023-06-12 09:10:34 --> Session: Class initialized using 'CodeIgniter\Session\Handlers\FileHandler' driver.
CRITICAL - 2023-06-12 09:10:34 --> syntax error, unexpected '\' (T_NS_SEPARATOR), expecting identifier (T_STRING)
in APPPATH\Controllers\Admin\Ajax.php on line 44.
 1 SYSTEMPATH\Autoloader\Autoloader.php(289): CodeIgniter\Autoloader\Autoloader->includeFile('E:\\xampp\\htdocs\\yourlibaas_v4\\app\\Controllers\\admin\\Ajax.php')
 2 SYSTEMPATH\Autoloader\Autoloader.php(267): CodeIgniter\Autoloader\Autoloader->loadInNamespace('App\\Controllers\\admin\\Ajax')
 3 [internal function]: CodeIgniter\Autoloader\Autoloader->loadClass('App\\Controllers\\admin\\Ajax')
 4 [internal function]: spl_autoload_call('App\\Controllers\\admin\\Ajax')
 5 SYSTEMPATH\CodeIgniter.php(892): class_exists('\\App\\Controllers\\admin\\Ajax', true)
 6 SYSTEMPATH\CodeIgniter.php(486): CodeIgniter\CodeIgniter->startController()
 7 SYSTEMPATH\CodeIgniter.php(368): CodeIgniter\CodeIgniter->handleRequest(null, Object(Config\Cache), false)
 8 FCPATH\index.php(67): CodeIgniter\CodeIgniter->run()
 9 SYSTEMPATH\Commands\Server\rewrite.php(47): require_once('E:\\xampp\\htdocs\\yourlibaas_v4\\public\\index.php')
INFO - 2023-06-12 09:10:57 --> Session: Class initialized using 'CodeIgniter\Session\Handlers\FileHandler' driver.
WARNING - 2023-06-12 09:10:57 --> [DEPRECATED] Non-static method CodeIgniter\HTTP\IncomingRequest::isAJAX() should not be called statically in APPPATH\Controllers\Admin\Ajax.php on line 44.
 1 SYSTEMPATH\CodeIgniter.php(934): App\Controllers\Admin\Ajax->fetchEdits()
 2 SYSTEMPATH\CodeIgniter.php(499): CodeIgniter\CodeIgniter->runController(Object(App\Controllers\Admin\Ajax))
 3 SYSTEMPATH\CodeIgniter.php(368): CodeIgniter\CodeIgniter->handleRequest(null, Object(Config\Cache), false)
 4 FCPATH\index.php(67): CodeIgniter\CodeIgniter->run()
 5 SYSTEMPATH\Commands\Server\rewrite.php(47): require_once('E:\\xampp\\htdocs\\yourlibaas_v4\\public\\index.php')
CRITICAL - 2023-06-12 09:10:57 --> Using $this when not in object context
in SYSTEMPATH\HTTP\IncomingRequest.php on line 418.
 1 APPPATH\Controllers\Admin\Ajax.php(44): CodeIgniter\HTTP\IncomingRequest::isAJAX()
 2 SYSTEMPATH\CodeIgniter.php(934): App\Controllers\Admin\Ajax->fetchEdits()
 3 SYSTEMPATH\CodeIgniter.php(499): CodeIgniter\CodeIgniter->runController(Object(App\Controllers\Admin\Ajax))
 4 SYSTEMPATH\CodeIgniter.php(368): CodeIgniter\CodeIgniter->handleRequest(null, Object(Config\Cache), false)
 5 FCPATH\index.php(67): CodeIgniter\CodeIgniter->run()
 6 SYSTEMPATH\Commands\Server\rewrite.php(47): require_once('E:\\xampp\\htdocs\\yourlibaas_v4\\public\\index.php')
INFO - 2023-06-12 09:12:36 --> Session: Class initialized using 'CodeIgniter\Session\Handlers\FileHandler' driver.
INFO - 2023-06-12 09:15:39 --> Session: Class initialized using 'CodeIgniter\Session\Handlers\FileHandler' driver.
CRITICAL - 2023-06-12 09:15:39 --> Undefined property: CodeIgniter\HTTP\IncomingRequest::$IncomingRequest
in APPPATH\Controllers\Admin\Ajax.php on line 44.
 1 APPPATH\Controllers\Admin\Ajax.php(44): CodeIgniter\Debug\Exceptions->errorHandler(8, 'Undefined property: CodeIgniter\\HTTP\\IncomingRequest::$IncomingRequest', 'E:\\xampp\\htdocs\\yourlibaas_v4\\app\\Controllers\\Admin\\Ajax.php', 44, [])
 2 SYSTEMPATH\CodeIgniter.php(934): App\Controllers\Admin\Ajax->fetchEdits()
 3 SYSTEMPATH\CodeIgniter.php(499): CodeIgniter\CodeIgniter->runController(Object(App\Controllers\Admin\Ajax))
 4 SYSTEMPATH\CodeIgniter.php(368): CodeIgniter\CodeIgniter->handleRequest(null, Object(Config\Cache), false)
 5 FCPATH\index.php(67): CodeIgniter\CodeIgniter->run()
 6 SYSTEMPATH\Commands\Server\rewrite.php(47): require_once('E:\\xampp\\htdocs\\yourlibaas_v4\\public\\index.php')
INFO - 2023-06-12 09:15:59 --> Session: Class initialized using 'CodeIgniter\Session\Handlers\FileHandler' driver.
INFO - 2023-06-12 09:17:18 --> Session: Class initialized using 'CodeIgniter\Session\Handlers\FileHandler' driver.
INFO - 2023-06-12 09:20:21 --> Session: Class initialized using 'CodeIgniter\Session\Handlers\FileHandler' driver.
INFO - 2023-06-12 09:23:51 --> Session: Class initialized using 'CodeIgniter\Session\Handlers\FileHandler' driver.
INFO - 2023-06-12 09:24:05 --> Session: Class initialized using 'CodeIgniter\Session\Handlers\FileHandler' driver.
CRITICAL - 2023-06-12 09:24:06 --> Trying to get property 'status' of non-object
in APPPATH\Controllers\Admin\Ajax.php on line 51.
 1 APPPATH\Controllers\Admin\Ajax.php(51): CodeIgniter\Debug\Exceptions->errorHandler(8, 'Trying to get property \'status\' of non-object', 'E:\\xampp\\htdocs\\yourlibaas_v4\\app\\Controllers\\Admin\\Ajax.php', 51, [...])
 2 SYSTEMPATH\CodeIgniter.php(934): App\Controllers\Admin\Ajax->fetchEdits('3')
 3 SYSTEMPATH\CodeIgniter.php(499): CodeIgniter\CodeIgniter->runController(Object(App\Controllers\Admin\Ajax))
 4 SYSTEMPATH\CodeIgniter.php(368): CodeIgniter\CodeIgniter->handleRequest(null, Object(Config\Cache), false)
 5 FCPATH\index.php(67): CodeIgniter\CodeIgniter->run()
 6 SYSTEMPATH\Commands\Server\rewrite.php(47): require_once('E:\\xampp\\htdocs\\yourlibaas_v4\\public\\index.php')
INFO - 2023-06-12 09:24:40 --> Session: Class initialized using 'CodeIgniter\Session\Handlers\FileHandler' driver.
INFO - 2023-06-12 09:24:56 --> Session: Class initialized using 'CodeIgniter\Session\Handlers\FileHandler' driver.
CRITICAL - 2023-06-12 09:24:56 --> Call to undefined method App\Models\Store::asObjects
in SYSTEMPATH\Model.php on line 842.
 1 APPPATH\Controllers\Admin\Ajax.php(47): CodeIgniter\Model->__call('asObjects', [])
 2 SYSTEMPATH\CodeIgniter.php(934): App\Controllers\Admin\Ajax->fetchEdits('2')
 3 SYSTEMPATH\CodeIgniter.php(499): CodeIgniter\CodeIgniter->runController(Object(App\Controllers\Admin\Ajax))
 4 SYSTEMPATH\CodeIgniter.php(368): CodeIgniter\CodeIgniter->handleRequest(null, Object(Config\Cache), false)
 5 FCPATH\index.php(67): CodeIgniter\CodeIgniter->run()
 6 SYSTEMPATH\Commands\Server\rewrite.php(47): require_once('E:\\xampp\\htdocs\\yourlibaas_v4\\public\\index.php')
INFO - 2023-06-12 09:25:45 --> Session: Class initialized using 'CodeIgniter\Session\Handlers\FileHandler' driver.
INFO - 2023-06-12 09:25:58 --> Session: Class initialized using 'CodeIgniter\Session\Handlers\FileHandler' driver.
CRITICAL - 2023-06-12 09:25:58 --> Trying to get property 'status' of non-object
in APPPATH\Controllers\Admin\Ajax.php on line 51.
 1 APPPATH\Controllers\Admin\Ajax.php(51): CodeIgniter\Debug\Exceptions->errorHandler(8, 'Trying to get property \'status\' of non-object', 'E:\\xampp\\htdocs\\yourlibaas_v4\\app\\Controllers\\Admin\\Ajax.php', 51, [...])
 2 SYSTEMPATH\CodeIgniter.php(934): App\Controllers\Admin\Ajax->fetchEdits('2')
 3 SYSTEMPATH\CodeIgniter.php(499): CodeIgniter\CodeIgniter->runController(Object(App\Controllers\Admin\Ajax))
 4 SYSTEMPATH\CodeIgniter.php(368): CodeIgniter\CodeIgniter->handleRequest(null, Object(Config\Cache), false)
 5 FCPATH\index.php(67): CodeIgniter\CodeIgniter->run()
 6 SYSTEMPATH\Commands\Server\rewrite.php(47): require_once('E:\\xampp\\htdocs\\yourlibaas_v4\\public\\index.php')
INFO - 2023-06-12 09:26:29 --> Session: Class initialized using 'CodeIgniter\Session\Handlers\FileHandler' driver.
INFO - 2023-06-12 09:26:42 --> Session: Class initialized using 'CodeIgniter\Session\Handlers\FileHandler' driver.
INFO - 2023-06-12 09:27:01 --> Session: Class initialized using 'CodeIgniter\Session\Handlers\FileHandler' driver.
INFO - 2023-06-12 09:27:38 --> Session: Class initialized using 'CodeIgniter\Session\Handlers\FileHandler' driver.
INFO - 2023-06-12 09:27:53 --> Session: Class initialized using 'CodeIgniter\Session\Handlers\FileHandler' driver.
INFO - 2023-06-12 09:29:11 --> Session: Class initialized using 'CodeIgniter\Session\Handlers\FileHandler' driver.
INFO - 2023-06-12 09:29:35 --> Session: Class initialized using 'CodeIgniter\Session\Handlers\FileHandler' driver.
CRITICAL - 2023-06-12 09:29:36 --> Trying to get property 'status' of non-object
in APPPATH\Controllers\Admin\Ajax.php on line 51.
 1 APPPATH\Controllers\Admin\Ajax.php(51): CodeIgniter\Debug\Exceptions->errorHandler(8, 'Trying to get property \'status\' of non-object', 'E:\\xampp\\htdocs\\yourlibaas_v4\\app\\Controllers\\Admin\\Ajax.php', 51, [...])
 2 SYSTEMPATH\CodeIgniter.php(934): App\Controllers\Admin\Ajax->fetchEdits('2')
 3 SYSTEMPATH\CodeIgniter.php(499): CodeIgniter\CodeIgniter->runController(Object(App\Controllers\Admin\Ajax))
 4 SYSTEMPATH\CodeIgniter.php(368): CodeIgniter\CodeIgniter->handleRequest(null, Object(Config\Cache), false)
 5 FCPATH\index.php(67): CodeIgniter\CodeIgniter->run()
 6 SYSTEMPATH\Commands\Server\rewrite.php(47): require_once('E:\\xampp\\htdocs\\yourlibaas_v4\\public\\index.php')
INFO - 2023-06-12 09:30:10 --> Session: Class initialized using 'CodeIgniter\Session\Handlers\FileHandler' driver.
INFO - 2023-06-12 09:30:23 --> Session: Class initialized using 'CodeIgniter\Session\Handlers\FileHandler' driver.
CRITICAL - 2023-06-12 09:30:23 --> Undefined property: stdClass::$response
in APPPATH\Controllers\Admin\Ajax.php on line 50.
 1 APPPATH\Controllers\Admin\Ajax.php(50): CodeIgniter\Debug\Exceptions->errorHandler(8, 'Undefined property: stdClass::$response', 'E:\\xampp\\htdocs\\yourlibaas_v4\\app\\Controllers\\Admin\\Ajax.php', 50, [...])
 2 SYSTEMPATH\CodeIgniter.php(934): App\Controllers\Admin\Ajax->fetchEdits('2')
 3 SYSTEMPATH\CodeIgniter.php(499): CodeIgniter\CodeIgniter->runController(Object(App\Controllers\Admin\Ajax))
 4 SYSTEMPATH\CodeIgniter.php(368): CodeIgniter\CodeIgniter->handleRequest(null, Object(Config\Cache), false)
 5 FCPATH\index.php(67): CodeIgniter\CodeIgniter->run()
 6 SYSTEMPATH\Commands\Server\rewrite.php(47): require_once('E:\\xampp\\htdocs\\yourlibaas_v4\\public\\index.php')
INFO - 2023-06-12 09:31:30 --> Session: Class initialized using 'CodeIgniter\Session\Handlers\FileHandler' driver.
INFO - 2023-06-12 09:31:43 --> Session: Class initialized using 'CodeIgniter\Session\Handlers\FileHandler' driver.
INFO - 2023-06-12 12:36:16 --> Session: Class initialized using 'CodeIgniter\Session\Handlers\FileHandler' driver.
INFO - 2023-06-12 12:36:17 --> Session: Class initialized using 'CodeIgniter\Session\Handlers\FileHandler' driver.
INFO - 2023-06-12 12:36:29 --> Session: Class initialized using 'CodeIgniter\Session\Handlers\FileHandler' driver.
INFO - 2023-06-12 12:36:30 --> Session: Class initialized using 'CodeIgniter\Session\Handlers\FileHandler' driver.
INFO - 2023-06-12 12:36:49 --> Session: Class initialized using 'CodeIgniter\Session\Handlers\FileHandler' driver.
INFO - 2023-06-12 12:37:05 --> Session: Class initialized using 'CodeIgniter\Session\Handlers\FileHandler' driver.
INFO - 2023-06-12 12:37:08 --> Session: Class initialized using 'CodeIgniter\Session\Handlers\FileHandler' driver.
CRITICAL - 2023-06-12 12:37:08 --> Undefined variable: api_token
in APPPATH\Controllers\Admin\Ajax.php on line 111.
 1 APPPATH\Controllers\Admin\Ajax.php(111): CodeIgniter\Debug\Exceptions->errorHandler(8, 'Undefined variable: api_token', 'E:\\xampp\\htdocs\\yourlibaas_v4\\app\\Controllers\\Admin\\Ajax.php', 111, [])
 2 SYSTEMPATH\CodeIgniter.php(934): App\Controllers\Admin\Ajax->store_update()
 3 SYSTEMPATH\CodeIgniter.php(499): CodeIgniter\CodeIgniter->runController(Object(App\Controllers\Admin\Ajax))
 4 SYSTEMPATH\CodeIgniter.php(368): CodeIgniter\CodeIgniter->handleRequest(null, Object(Config\Cache), false)
 5 FCPATH\index.php(67): CodeIgniter\CodeIgniter->run()
 6 SYSTEMPATH\Commands\Server\rewrite.php(47): require_once('E:\\xampp\\htdocs\\yourlibaas_v4\\public\\index.php')
INFO - 2023-06-12 12:37:12 --> Session: Class initialized using 'CodeIgniter\Session\Handlers\FileHandler' driver.
INFO - 2023-06-12 12:37:26 --> Session: Class initialized using 'CodeIgniter\Session\Handlers\FileHandler' driver.
INFO - 2023-06-12 12:38:14 --> Session: Class initialized using 'CodeIgniter\Session\Handlers\FileHandler' driver.
INFO - 2023-06-12 12:38:17 --> Session: Class initialized using 'CodeIgniter\Session\Handlers\FileHandler' driver.
INFO - 2023-06-12 12:39:38 --> Session: Class initialized using 'CodeIgniter\Session\Handlers\FileHandler' driver.
INFO - 2023-06-12 12:39:40 --> Session: Class initialized using 'CodeIgniter\Session\Handlers\FileHandler' driver.
INFO - 2023-06-12 12:39:44 --> Session: Class initialized using 'CodeIgniter\Session\Handlers\FileHandler' driver.
INFO - 2023-06-12 12:43:09 --> Session: Class initialized using 'CodeIgniter\Session\Handlers\FileHandler' driver.
INFO - 2023-06-12 12:43:10 --> Session: Class initialized using 'CodeIgniter\Session\Handlers\FileHandler' driver.
INFO - 2023-06-12 12:43:14 --> Session: Class initialized using 'CodeIgniter\Session\Handlers\FileHandler' driver.
INFO - 2023-06-12 12:44:39 --> Session: Class initialized using 'CodeIgniter\Session\Handlers\FileHandler' driver.
INFO - 2023-06-12 12:44:41 --> Session: Class initialized using 'CodeIgniter\Session\Handlers\FileHandler' driver.
INFO - 2023-06-12 12:44:45 --> Session: Class initialized using 'CodeIgniter\Session\Handlers\FileHandler' driver.
INFO - 2023-06-12 12:46:18 --> Session: Class initialized using 'CodeIgniter\Session\Handlers\FileHandler' driver.
INFO - 2023-06-12 12:46:21 --> Session: Class initialized using 'CodeIgniter\Session\Handlers\FileHandler' driver.
CRITICAL - 2023-06-12 12:46:22 --> There is no data to update.
in SYSTEMPATH\BaseModel.php on line 1680.
 1 SYSTEMPATH\BaseModel.php(1680): CodeIgniter\Database\Exceptions\DataException::forEmptyDataset('update')
 2 SYSTEMPATH\BaseModel.php(910): CodeIgniter\BaseModel->transformDataToArray(null, 'update')
 3 SYSTEMPATH\Model.php(756): CodeIgniter\BaseModel->update([...], null)
 4 APPPATH\Controllers\Admin\Ajax.php(124): CodeIgniter\Model->update([...])
 5 SYSTEMPATH\CodeIgniter.php(934): App\Controllers\Admin\Ajax->store_update()
 6 SYSTEMPATH\CodeIgniter.php(499): CodeIgniter\CodeIgniter->runController(Object(App\Controllers\Admin\Ajax))
 7 SYSTEMPATH\CodeIgniter.php(368): CodeIgniter\CodeIgniter->handleRequest(null, Object(Config\Cache), false)
 8 FCPATH\index.php(67): CodeIgniter\CodeIgniter->run()
 9 SYSTEMPATH\Commands\Server\rewrite.php(47): require_once('E:\\xampp\\htdocs\\yourlibaas_v4\\public\\index.php')
INFO - 2023-06-12 12:46:25 --> Session: Class initialized using 'CodeIgniter\Session\Handlers\FileHandler' driver.
INFO - 2023-06-12 12:47:31 --> Session: Class initialized using 'CodeIgniter\Session\Handlers\FileHandler' driver.
INFO - 2023-06-12 12:47:34 --> Session: Class initialized using 'CodeIgniter\Session\Handlers\FileHandler' driver.
INFO - 2023-06-12 12:47:38 --> Session: Class initialized using 'CodeIgniter\Session\Handlers\FileHandler' driver.
INFO - 2023-06-12 12:54:13 --> Session: Class initialized using 'CodeIgniter\Session\Handlers\FileHandler' driver.
INFO - 2023-06-12 12:54:14 --> Session: Class initialized using 'CodeIgniter\Session\Handlers\FileHandler' driver.
INFO - 2023-06-12 12:54:18 --> Session: Class initialized using 'CodeIgniter\Session\Handlers\FileHandler' driver.
INFO - 2023-06-12 12:56:04 --> Session: Class initialized using 'CodeIgniter\Session\Handlers\FileHandler' driver.
INFO - 2023-06-12 12:56:08 --> Session: Class initialized using 'CodeIgniter\Session\Handlers\FileHandler' driver.
INFO - 2023-06-12 12:56:11 --> Session: Class initialized using 'CodeIgniter\Session\Handlers\FileHandler' driver.
INFO - 2023-06-12 12:59:38 --> Session: Class initialized using 'CodeIgniter\Session\Handlers\FileHandler' driver.
INFO - 2023-06-12 12:59:41 --> Session: Class initialized using 'CodeIgniter\Session\Handlers\FileHandler' driver.
INFO - 2023-06-12 12:59:45 --> Session: Class initialized using 'CodeIgniter\Session\Handlers\FileHandler' driver.
INFO - 2023-06-12 13:02:55 --> Session: Class initialized using 'CodeIgniter\Session\Handlers\FileHandler' driver.
CRITICAL - 2023-06-12 13:02:55 --> Undefined variable: token
in APPPATH\Controllers\Admin\Ajax.php on line 29.
 1 APPPATH\Controllers\Admin\Ajax.php(29): CodeIgniter\Debug\Exceptions->errorHandler(8, 'Undefined variable: token', 'E:\\xampp\\htdocs\\yourlibaas_v4\\app\\Controllers\\Admin\\Ajax.php', 29, [...])
 2 SYSTEMPATH\CodeIgniter.php(934): App\Controllers\Admin\Ajax->saveStore()
 3 SYSTEMPATH\CodeIgniter.php(499): CodeIgniter\CodeIgniter->runController(Object(App\Controllers\Admin\Ajax))
 4 SYSTEMPATH\CodeIgniter.php(368): CodeIgniter\CodeIgniter->handleRequest(null, Object(Config\Cache), false)
 5 FCPATH\index.php(67): CodeIgniter\CodeIgniter->run()
 6 SYSTEMPATH\Commands\Server\rewrite.php(47): require_once('E:\\xampp\\htdocs\\yourlibaas_v4\\public\\index.php')
INFO - 2023-06-12 13:07:48 --> Session: Class initialized using 'CodeIgniter\Session\Handlers\FileHandler' driver.
INFO - 2023-06-12 13:08:44 --> Session: Class initialized using 'CodeIgniter\Session\Handlers\FileHandler' driver.
CRITICAL - 2023-06-12 13:08:44 --> Undefined variable: token
in APPPATH\Controllers\Admin\Ajax.php on line 28.
 1 APPPATH\Controllers\Admin\Ajax.php(28): CodeIgniter\Debug\Exceptions->errorHandler(8, 'Undefined variable: token', 'E:\\xampp\\htdocs\\yourlibaas_v4\\app\\Controllers\\Admin\\Ajax.php', 28, [...])
 2 SYSTEMPATH\CodeIgniter.php(934): App\Controllers\Admin\Ajax->saveStore()
 3 SYSTEMPATH\CodeIgniter.php(499): CodeIgniter\CodeIgniter->runController(Object(App\Controllers\Admin\Ajax))
 4 SYSTEMPATH\CodeIgniter.php(368): CodeIgniter\CodeIgniter->handleRequest(null, Object(Config\Cache), false)
 5 FCPATH\index.php(67): CodeIgniter\CodeIgniter->run()
 6 SYSTEMPATH\Commands\Server\rewrite.php(47): require_once('E:\\xampp\\htdocs\\yourlibaas_v4\\public\\index.php')
INFO - 2023-06-12 13:10:45 --> Session: Class initialized using 'CodeIgniter\Session\Handlers\FileHandler' driver.
INFO - 2023-06-12 13:11:25 --> Session: Class initialized using 'CodeIgniter\Session\Handlers\FileHandler' driver.
CRITICAL - 2023-06-12 13:11:25 --> Undefined variable: token
in APPPATH\Controllers\Admin\Ajax.php on line 28.
 1 APPPATH\Controllers\Admin\Ajax.php(28): CodeIgniter\Debug\Exceptions->errorHandler(8, 'Undefined variable: token', 'E:\\xampp\\htdocs\\yourlibaas_v4\\app\\Controllers\\Admin\\Ajax.php', 28, [...])
 2 SYSTEMPATH\CodeIgniter.php(934): App\Controllers\Admin\Ajax->saveStore()
 3 SYSTEMPATH\CodeIgniter.php(499): CodeIgniter\CodeIgniter->runController(Object(App\Controllers\Admin\Ajax))
 4 SYSTEMPATH\CodeIgniter.php(368): CodeIgniter\CodeIgniter->handleRequest(null, Object(Config\Cache), false)
 5 FCPATH\index.php(67): CodeIgniter\CodeIgniter->run()
 6 SYSTEMPATH\Commands\Server\rewrite.php(47): require_once('E:\\xampp\\htdocs\\yourlibaas_v4\\public\\index.php')
INFO - 2023-06-12 13:11:42 --> Session: Class initialized using 'CodeIgniter\Session\Handlers\FileHandler' driver.
INFO - 2023-06-12 13:12:36 --> Session: Class initialized using 'CodeIgniter\Session\Handlers\FileHandler' driver.
INFO - 2023-06-12 13:13:21 --> Session: Class initialized using 'CodeIgniter\Session\Handlers\FileHandler' driver.
INFO - 2023-06-12 13:13:33 --> Session: Class initialized using 'CodeIgniter\Session\Handlers\FileHandler' driver.
INFO - 2023-06-12 13:15:04 --> Session: Class initialized using 'CodeIgniter\Session\Handlers\FileHandler' driver.
CRITICAL - 2023-06-12 13:15:04 --> Undefined variable: token
in APPPATH\Controllers\Admin\Ajax.php on line 28.
 1 APPPATH\Controllers\Admin\Ajax.php(28): CodeIgniter\Debug\Exceptions->errorHandler(8, 'Undefined variable: token', 'E:\\xampp\\htdocs\\yourlibaas_v4\\app\\Controllers\\Admin\\Ajax.php', 28, [...])
 2 SYSTEMPATH\CodeIgniter.php(934): App\Controllers\Admin\Ajax->saveStore()
 3 SYSTEMPATH\CodeIgniter.php(499): CodeIgniter\CodeIgniter->runController(Object(App\Controllers\Admin\Ajax))
 4 SYSTEMPATH\CodeIgniter.php(368): CodeIgniter\CodeIgniter->handleRequest(null, Object(Config\Cache), false)
 5 FCPATH\index.php(67): CodeIgniter\CodeIgniter->run()
 6 SYSTEMPATH\Commands\Server\rewrite.php(47): require_once('E:\\xampp\\htdocs\\yourlibaas_v4\\public\\index.php')
INFO - 2023-06-12 13:15:37 --> Session: Class initialized using 'CodeIgniter\Session\Handlers\FileHandler' driver.
CRITICAL - 2023-06-12 13:15:37 --> Undefined variable: token
in APPPATH\Controllers\Admin\Ajax.php on line 28.
 1 APPPATH\Controllers\Admin\Ajax.php(28): CodeIgniter\Debug\Exceptions->errorHandler(8, 'Undefined variable: token', 'E:\\xampp\\htdocs\\yourlibaas_v4\\app\\Controllers\\Admin\\Ajax.php', 28, [...])
 2 SYSTEMPATH\CodeIgniter.php(934): App\Controllers\Admin\Ajax->saveStore()
 3 SYSTEMPATH\CodeIgniter.php(499): CodeIgniter\CodeIgniter->runController(Object(App\Controllers\Admin\Ajax))
 4 SYSTEMPATH\CodeIgniter.php(368): CodeIgniter\CodeIgniter->handleRequest(null, Object(Config\Cache), false)
 5 FCPATH\index.php(67): CodeIgniter\CodeIgniter->run()
 6 SYSTEMPATH\Commands\Server\rewrite.php(47): require_once('E:\\xampp\\htdocs\\yourlibaas_v4\\public\\index.php')
INFO - 2023-06-12 13:16:27 --> Session: Class initialized using 'CodeIgniter\Session\Handlers\FileHandler' driver.
INFO - 2023-06-12 13:16:50 --> Session: Class initialized using 'CodeIgniter\Session\Handlers\FileHandler' driver.
INFO - 2023-06-12 13:17:00 --> Session: Class initialized using 'CodeIgniter\Session\Handlers\FileHandler' driver.
CRITICAL - 2023-06-12 13:17:01 --> Undefined variable: id
in APPPATH\Controllers\Admin\Ajax.php on line 144.
 1 APPPATH\Controllers\Admin\Ajax.php(144): CodeIgniter\Debug\Exceptions->errorHandler(8, 'Undefined variable: id', 'E:\\xampp\\htdocs\\yourlibaas_v4\\app\\Controllers\\Admin\\Ajax.php', 144, [...])
 2 SYSTEMPATH\CodeIgniter.php(934): App\Controllers\Admin\Ajax->delete_Store()
 3 SYSTEMPATH\CodeIgniter.php(499): CodeIgniter\CodeIgniter->runController(Object(App\Controllers\Admin\Ajax))
 4 SYSTEMPATH\CodeIgniter.php(368): CodeIgniter\CodeIgniter->handleRequest(null, Object(Config\Cache), false)
 5 FCPATH\index.php(67): CodeIgniter\CodeIgniter->run()
 6 SYSTEMPATH\Commands\Server\rewrite.php(47): require_once('E:\\xampp\\htdocs\\yourlibaas_v4\\public\\index.php')
INFO - 2023-06-12 13:17:01 --> Session: Class initialized using 'CodeIgniter\Session\Handlers\FileHandler' driver.
INFO - 2023-06-12 13:18:08 --> Session: Class initialized using 'CodeIgniter\Session\Handlers\FileHandler' driver.
INFO - 2023-06-12 13:18:09 --> Session: Class initialized using 'CodeIgniter\Session\Handlers\FileHandler' driver.
INFO - 2023-06-12 13:18:28 --> Session: Class initialized using 'CodeIgniter\Session\Handlers\FileHandler' driver.
INFO - 2023-06-12 13:18:36 --> Session: Class initialized using 'CodeIgniter\Session\Handlers\FileHandler' driver.
INFO - 2023-06-12 13:19:05 --> Session: Class initialized using 'CodeIgniter\Session\Handlers\FileHandler' driver.
INFO - 2023-06-12 13:19:18 --> Session: Class initialized using 'CodeIgniter\Session\Handlers\FileHandler' driver.
INFO - 2023-06-12 13:22:54 --> Session: Class initialized using 'CodeIgniter\Session\Handlers\FileHandler' driver.
INFO - 2023-06-12 13:30:48 --> Session: Class initialized using 'CodeIgniter\Session\Handlers\FileHandler' driver.
CRITICAL - 2023-06-12 13:30:50 --> Undefined variable: items
in APPPATH\Views\admin\settings\pre_booking.php on line 39.
 1 APPPATH\Views\admin\settings\pre_booking.php(39): CodeIgniter\Debug\Exceptions->errorHandler(8, 'Undefined variable: items', 'E:\\xampp\\htdocs\\yourlibaas_v4\\app\\Views\\admin\\settings\\pre_booking.php', 39, [...])
 2 SYSTEMPATH\View\View.php(213): include('E:\\xampp\\htdocs\\yourlibaas_v4\\app\\Views\\admin\\settings\\pre_booking.php')
 3 SYSTEMPATH\View\View.php(216): CodeIgniter\View\View->CodeIgniter\View\{closure}()
 4 APPPATH\Controllers\Admin\Settings.php(64): CodeIgniter\View\View->render('admin/settings/pre_booking')
 5 SYSTEMPATH\CodeIgniter.php(934): App\Controllers\Admin\Settings->pre_booking_items()
 6 SYSTEMPATH\CodeIgniter.php(499): CodeIgniter\CodeIgniter->runController(Object(App\Controllers\Admin\Settings))
 7 SYSTEMPATH\CodeIgniter.php(368): CodeIgniter\CodeIgniter->handleRequest(null, Object(Config\Cache), false)
 8 FCPATH\index.php(67): CodeIgniter\CodeIgniter->run()
 9 SYSTEMPATH\Commands\Server\rewrite.php(47): require_once('E:\\xampp\\htdocs\\yourlibaas_v4\\public\\index.php')
INFO - 2023-06-12 13:31:29 --> Session: Class initialized using 'CodeIgniter\Session\Handlers\FileHandler' driver.
CRITICAL - 2023-06-12 13:31:29 --> Call to undefined function get_instance()
in APPPATH\Helpers\comm_helper.php on line 747.
 1 APPPATH\Views\admin\settings\pre_booking.php(45): encode_url('5')
 2 SYSTEMPATH\View\View.php(213): include('E:\\xampp\\htdocs\\yourlibaas_v4\\app\\Views\\admin\\settings\\pre_booking.php')
 3 SYSTEMPATH\View\View.php(216): CodeIgniter\View\View->CodeIgniter\View\{closure}()
 4 APPPATH\Controllers\Admin\Settings.php(64): CodeIgniter\View\View->render('admin/settings/pre_booking')
 5 SYSTEMPATH\CodeIgniter.php(934): App\Controllers\Admin\Settings->pre_booking_items()
 6 SYSTEMPATH\CodeIgniter.php(499): CodeIgniter\CodeIgniter->runController(Object(App\Controllers\Admin\Settings))
 7 SYSTEMPATH\CodeIgniter.php(368): CodeIgniter\CodeIgniter->handleRequest(null, Object(Config\Cache), false)
 8 FCPATH\index.php(67): CodeIgniter\CodeIgniter->run()
 9 SYSTEMPATH\Commands\Server\rewrite.php(47): require_once('E:\\xampp\\htdocs\\yourlibaas_v4\\public\\index.php')
INFO - 2023-06-12 13:32:14 --> Session: Class initialized using 'CodeIgniter\Session\Handlers\FileHandler' driver.
INFO - 2023-06-12 13:33:31 --> Session: Class initialized using 'CodeIgniter\Session\Handlers\FileHandler' driver.
CRITICAL - 2023-06-12 13:33:31 --> Call to undefined method CodeIgniter\View\View::SectionEnd()
in APPPATH\Views\admin\settings\pre_booking.php on line 282.
 1 SYSTEMPATH\View\View.php(213): include()
 2 SYSTEMPATH\View\View.php(216): CodeIgniter\View\View->CodeIgniter\View\{closure}()
 3 APPPATH\Controllers\Admin\Settings.php(64): CodeIgniter\View\View->render('admin/settings/pre_booking')
 4 SYSTEMPATH\CodeIgniter.php(934): App\Controllers\Admin\Settings->pre_booking_items()
 5 SYSTEMPATH\CodeIgniter.php(499): CodeIgniter\CodeIgniter->runController(Object(App\Controllers\Admin\Settings))
 6 SYSTEMPATH\CodeIgniter.php(368): CodeIgniter\CodeIgniter->handleRequest(null, Object(Config\Cache), false)
 7 FCPATH\index.php(67): CodeIgniter\CodeIgniter->run()
 8 SYSTEMPATH\Commands\Server\rewrite.php(47): require_once('E:\\xampp\\htdocs\\yourlibaas_v4\\public\\index.php')
INFO - 2023-06-12 13:34:04 --> Session: Class initialized using 'CodeIgniter\Session\Handlers\FileHandler' driver.
INFO - 2023-06-12 13:41:03 --> Session: Class initialized using 'CodeIgniter\Session\Handlers\FileHandler' driver.
INFO - 2023-06-12 13:41:16 --> Session: Class initialized using 'CodeIgniter\Session\Handlers\FileHandler' driver.
CRITICAL - 2023-06-12 13:41:16 --> Undefined variable: store_name
in APPPATH\Controllers\Admin\Ajax.php on line 29.
 1 APPPATH\Controllers\Admin\Ajax.php(29): CodeIgniter\Debug\Exceptions->errorHandler(8, 'Undefined variable: store_name', 'E:\\xampp\\htdocs\\yourlibaas_v4\\app\\Controllers\\Admin\\Ajax.php', 29, [...])
 2 SYSTEMPATH\CodeIgniter.php(934): App\Controllers\Admin\Ajax->saveStore()
 3 SYSTEMPATH\CodeIgniter.php(499): CodeIgniter\CodeIgniter->runController(Object(App\Controllers\Admin\Ajax))
 4 SYSTEMPATH\CodeIgniter.php(368): CodeIgniter\CodeIgniter->handleRequest(null, Object(Config\Cache), false)
 5 FCPATH\index.php(67): CodeIgniter\CodeIgniter->run()
 6 SYSTEMPATH\Commands\Server\rewrite.php(47): require_once('E:\\xampp\\htdocs\\yourlibaas_v4\\public\\index.php')
INFO - 2023-06-12 13:41:45 --> Session: Class initialized using 'CodeIgniter\Session\Handlers\FileHandler' driver.
CRITICAL - 2023-06-12 13:41:45 --> Undefined variable: store_name
in APPPATH\Controllers\Admin\Ajax.php on line 29.
 1 APPPATH\Controllers\Admin\Ajax.php(29): CodeIgniter\Debug\Exceptions->errorHandler(8, 'Undefined variable: store_name', 'E:\\xampp\\htdocs\\yourlibaas_v4\\app\\Controllers\\Admin\\Ajax.php', 29, [...])
 2 SYSTEMPATH\CodeIgniter.php(934): App\Controllers\Admin\Ajax->saveStore()
 3 SYSTEMPATH\CodeIgniter.php(499): CodeIgniter\CodeIgniter->runController(Object(App\Controllers\Admin\Ajax))
 4 SYSTEMPATH\CodeIgniter.php(368): CodeIgniter\CodeIgniter->handleRequest(null, Object(Config\Cache), false)
 5 FCPATH\index.php(67): CodeIgniter\CodeIgniter->run()
 6 SYSTEMPATH\Commands\Server\rewrite.php(47): require_once('E:\\xampp\\htdocs\\yourlibaas_v4\\public\\index.php')
INFO - 2023-06-12 13:41:47 --> Session: Class initialized using 'CodeIgniter\Session\Handlers\FileHandler' driver.
INFO - 2023-06-12 13:42:00 --> Session: Class initialized using 'CodeIgniter\Session\Handlers\FileHandler' driver.
CRITICAL - 2023-06-12 13:42:00 --> Undefined variable: store_name
in APPPATH\Controllers\Admin\Ajax.php on line 29.
 1 APPPATH\Controllers\Admin\Ajax.php(29): CodeIgniter\Debug\Exceptions->errorHandler(8, 'Undefined variable: store_name', 'E:\\xampp\\htdocs\\yourlibaas_v4\\app\\Controllers\\Admin\\Ajax.php', 29, [...])
 2 SYSTEMPATH\CodeIgniter.php(934): App\Controllers\Admin\Ajax->saveStore()
 3 SYSTEMPATH\CodeIgniter.php(499): CodeIgniter\CodeIgniter->runController(Object(App\Controllers\Admin\Ajax))
 4 SYSTEMPATH\CodeIgniter.php(368): CodeIgniter\CodeIgniter->handleRequest(null, Object(Config\Cache), false)
 5 FCPATH\index.php(67): CodeIgniter\CodeIgniter->run()
 6 SYSTEMPATH\Commands\Server\rewrite.php(47): require_once('E:\\xampp\\htdocs\\yourlibaas_v4\\public\\index.php')
INFO - 2023-06-12 13:42:59 --> Session: Class initialized using 'CodeIgniter\Session\Handlers\FileHandler' driver.
INFO - 2023-06-12 13:43:28 --> Session: Class initialized using 'CodeIgniter\Session\Handlers\FileHandler' driver.
INFO - 2023-06-12 13:44:00 --> Session: Class initialized using 'CodeIgniter\Session\Handlers\FileHandler' driver.
INFO - 2023-06-12 13:44:12 --> Session: Class initialized using 'CodeIgniter\Session\Handlers\FileHandler' driver.
INFO - 2023-06-12 13:44:18 --> Session: Class initialized using 'CodeIgniter\Session\Handlers\FileHandler' driver.
INFO - 2023-06-12 13:48:16 --> Session: Class initialized using 'CodeIgniter\Session\Handlers\FileHandler' driver.
INFO - 2023-06-12 13:53:36 --> Session: Class initialized using 'CodeIgniter\Session\Handlers\FileHandler' driver.
INFO - 2023-06-12 13:54:32 --> Session: Class initialized using 'CodeIgniter\Session\Handlers\FileHandler' driver.
INFO - 2023-06-12 13:56:05 --> Session: Class initialized using 'CodeIgniter\Session\Handlers\FileHandler' driver.
INFO - 2023-06-12 13:57:39 --> Session: Class initialized using 'CodeIgniter\Session\Handlers\FileHandler' driver.
INFO - 2023-06-12 13:58:40 --> Session: Class initialized using 'CodeIgniter\Session\Handlers\FileHandler' driver.
INFO - 2023-06-12 13:59:08 --> Session: Class initialized using 'CodeIgniter\Session\Handlers\FileHandler' driver.
INFO - 2023-06-12 13:59:40 --> Session: Class initialized using 'CodeIgniter\Session\Handlers\FileHandler' driver.
CRITICAL - 2023-06-12 13:59:40 --> Undefined variable: api_token
in APPPATH\Controllers\Admin\Ajax.php on line 115.
 1 APPPATH\Controllers\Admin\Ajax.php(115): CodeIgniter\Debug\Exceptions->errorHandler(8, 'Undefined variable: api_token', 'E:\\xampp\\htdocs\\yourlibaas_v4\\app\\Controllers\\Admin\\Ajax.php', 115, [...])
 2 SYSTEMPATH\CodeIgniter.php(934): App\Controllers\Admin\Ajax->store_update()
 3 SYSTEMPATH\CodeIgniter.php(499): CodeIgniter\CodeIgniter->runController(Object(App\Controllers\Admin\Ajax))
 4 SYSTEMPATH\CodeIgniter.php(368): CodeIgniter\CodeIgniter->handleRequest(null, Object(Config\Cache), false)
 5 FCPATH\index.php(67): CodeIgniter\CodeIgniter->run()
 6 SYSTEMPATH\Commands\Server\rewrite.php(47): require_once('E:\\xampp\\htdocs\\yourlibaas_v4\\public\\index.php')
INFO - 2023-06-12 14:00:58 --> Session: Class initialized using 'CodeIgniter\Session\Handlers\FileHandler' driver.
INFO - 2023-06-12 14:00:59 --> Session: Class initialized using 'CodeIgniter\Session\Handlers\FileHandler' driver.
INFO - 2023-06-12 14:02:04 --> Session: Class initialized using 'CodeIgniter\Session\Handlers\FileHandler' driver.
INFO - 2023-06-12 14:02:32 --> Session: Class initialized using 'CodeIgniter\Session\Handlers\FileHandler' driver.
INFO - 2023-06-12 14:03:22 --> Session: Class initialized using 'CodeIgniter\Session\Handlers\FileHandler' driver.
INFO - 2023-06-12 14:03:43 --> Session: Class initialized using 'CodeIgniter\Session\Handlers\FileHandler' driver.
INFO - 2023-06-12 14:04:15 --> Session: Class initialized using 'CodeIgniter\Session\Handlers\FileHandler' driver.
INFO - 2023-06-12 14:11:20 --> Session: Class initialized using 'CodeIgniter\Session\Handlers\FileHandler' driver.
INFO - 2023-06-12 14:11:41 --> Session: Class initialized using 'CodeIgniter\Session\Handlers\FileHandler' driver.
CRITICAL - 2023-06-12 14:11:41 --> Undefined variable: id
in APPPATH\Controllers\Admin\Ajax.php on line 207.
 1 APPPATH\Controllers\Admin\Ajax.php(207): CodeIgniter\Debug\Exceptions->errorHandler(8, 'Undefined variable: id', 'E:\\xampp\\htdocs\\yourlibaas_v4\\app\\Controllers\\Admin\\Ajax.php', 207, [...])
 2 SYSTEMPATH\CodeIgniter.php(934): App\Controllers\Admin\Ajax->deleteitem()
 3 SYSTEMPATH\CodeIgniter.php(499): CodeIgniter\CodeIgniter->runController(Object(App\Controllers\Admin\Ajax))
 4 SYSTEMPATH\CodeIgniter.php(368): CodeIgniter\CodeIgniter->handleRequest(null, Object(Config\Cache), false)
 5 FCPATH\index.php(67): CodeIgniter\CodeIgniter->run()
 6 SYSTEMPATH\Commands\Server\rewrite.php(47): require_once('E:\\xampp\\htdocs\\yourlibaas_v4\\public\\index.php')
INFO - 2023-06-12 14:12:55 --> Session: Class initialized using 'CodeIgniter\Session\Handlers\FileHandler' driver.
INFO - 2023-06-12 14:13:27 --> Session: Class initialized using 'CodeIgniter\Session\Handlers\FileHandler' driver.
CRITICAL - 2023-06-12 14:13:27 --> Undefined variable: item_id
in APPPATH\Controllers\Admin\Ajax.php on line 207.
 1 APPPATH\Controllers\Admin\Ajax.php(207): CodeIgniter\Debug\Exceptions->errorHandler(8, 'Undefined variable: item_id', 'E:\\xampp\\htdocs\\yourlibaas_v4\\app\\Controllers\\Admin\\Ajax.php', 207, [...])
 2 SYSTEMPATH\CodeIgniter.php(934): App\Controllers\Admin\Ajax->deleteitem()
 3 SYSTEMPATH\CodeIgniter.php(499): CodeIgniter\CodeIgniter->runController(Object(App\Controllers\Admin\Ajax))
 4 SYSTEMPATH\CodeIgniter.php(368): CodeIgniter\CodeIgniter->handleRequest(null, Object(Config\Cache), false)
 5 FCPATH\index.php(67): CodeIgniter\CodeIgniter->run()
 6 SYSTEMPATH\Commands\Server\rewrite.php(47): require_once('E:\\xampp\\htdocs\\yourlibaas_v4\\public\\index.php')
INFO - 2023-06-12 14:14:14 --> Session: Class initialized using 'CodeIgniter\Session\Handlers\FileHandler' driver.
INFO - 2023-06-12 14:14:33 --> Session: Class initialized using 'CodeIgniter\Session\Handlers\FileHandler' driver.
INFO - 2023-06-12 14:16:16 --> Session: Class initialized using 'CodeIgniter\Session\Handlers\FileHandler' driver.
INFO - 2023-06-12 14:16:36 --> Session: Class initialized using 'CodeIgniter\Session\Handlers\FileHandler' driver.
INFO - 2023-06-12 14:16:37 --> Session: Class initialized using 'CodeIgniter\Session\Handlers\FileHandler' driver.
INFO - 2023-06-12 14:17:40 --> Session: Class initialized using 'CodeIgniter\Session\Handlers\FileHandler' driver.
INFO - 2023-06-12 14:20:58 --> Session: Class initialized using 'CodeIgniter\Session\Handlers\FileHandler' driver.
INFO - 2023-06-12 14:22:21 --> Session: Class initialized using 'CodeIgniter\Session\Handlers\FileHandler' driver.
INFO - 2023-06-12 14:22:28 --> Session: Class initialized using 'CodeIgniter\Session\Handlers\FileHandler' driver.
INFO - 2023-06-12 14:23:32 --> Session: Class initialized using 'CodeIgniter\Session\Handlers\FileHandler' driver.
INFO - 2023-06-12 14:23:52 --> Session: Class initialized using 'CodeIgniter\Session\Handlers\FileHandler' driver.
INFO - 2023-06-12 14:23:53 --> Session: Class initialized using 'CodeIgniter\Session\Handlers\FileHandler' driver.
INFO - 2023-06-12 14:24:21 --> Session: Class initialized using 'CodeIgniter\Session\Handlers\FileHandler' driver.
INFO - 2023-06-12 14:24:39 --> Session: Class initialized using 'CodeIgniter\Session\Handlers\FileHandler' driver.
INFO - 2023-06-12 14:24:57 --> Session: Class initialized using 'CodeIgniter\Session\Handlers\FileHandler' driver.
CRITICAL - 2023-06-12 14:24:57 --> Undefined variable: info
in APPPATH\Controllers\Admin\Ajax.php on line 207.
 1 APPPATH\Controllers\Admin\Ajax.php(207): CodeIgniter\Debug\Exceptions->errorHandler(8, 'Undefined variable: info', 'E:\\xampp\\htdocs\\yourlibaas_v4\\app\\Controllers\\Admin\\Ajax.php', 207, [...])
 2 SYSTEMPATH\CodeIgniter.php(934): App\Controllers\Admin\Ajax->deleteitem()
 3 SYSTEMPATH\CodeIgniter.php(499): CodeIgniter\CodeIgniter->runController(Object(App\Controllers\Admin\Ajax))
 4 SYSTEMPATH\CodeIgniter.php(368): CodeIgniter\CodeIgniter->handleRequest(null, Object(Config\Cache), false)
 5 FCPATH\index.php(67): CodeIgniter\CodeIgniter->run()
 6 SYSTEMPATH\Commands\Server\rewrite.php(47): require_once('E:\\xampp\\htdocs\\yourlibaas_v4\\public\\index.php')
INFO - 2023-06-12 14:25:14 --> Session: Class initialized using 'CodeIgniter\Session\Handlers\FileHandler' driver.
CRITICAL - 2023-06-12 14:25:14 --> Deletes are not allowed unless they contain a "where" or "like" clause.
in SYSTEMPATH\Database\BaseBuilder.php on line 2767.
 1 SYSTEMPATH\Model.php(456): CodeIgniter\Database\BaseBuilder->delete()
 2 SYSTEMPATH\BaseModel.php(1065): CodeIgniter\Model->doDelete('', false)
 3 APPPATH\Controllers\Admin\Ajax.php(207): CodeIgniter\BaseModel->delete('')
 4 SYSTEMPATH\CodeIgniter.php(934): App\Controllers\Admin\Ajax->deleteitem()
 5 SYSTEMPATH\CodeIgniter.php(499): CodeIgniter\CodeIgniter->runController(Object(App\Controllers\Admin\Ajax))
 6 SYSTEMPATH\CodeIgniter.php(368): CodeIgniter\CodeIgniter->handleRequest(null, Object(Config\Cache), false)
 7 FCPATH\index.php(67): CodeIgniter\CodeIgniter->run()
 8 SYSTEMPATH\Commands\Server\rewrite.php(47): require_once('E:\\xampp\\htdocs\\yourlibaas_v4\\public\\index.php')
INFO - 2023-06-12 14:27:30 --> Session: Class initialized using 'CodeIgniter\Session\Handlers\FileHandler' driver.
CRITICAL - 2023-06-12 14:27:30 --> Deletes are not allowed unless they contain a "where" or "like" clause.
in SYSTEMPATH\Database\BaseBuilder.php on line 2767.
 1 SYSTEMPATH\Model.php(456): CodeIgniter\Database\BaseBuilder->delete()
 2 SYSTEMPATH\BaseModel.php(1065): CodeIgniter\Model->doDelete('', false)
 3 APPPATH\Controllers\Admin\Ajax.php(207): CodeIgniter\BaseModel->delete('')
 4 SYSTEMPATH\CodeIgniter.php(934): App\Controllers\Admin\Ajax->deleteitem()
 5 SYSTEMPATH\CodeIgniter.php(499): CodeIgniter\CodeIgniter->runController(Object(App\Controllers\Admin\Ajax))
 6 SYSTEMPATH\CodeIgniter.php(368): CodeIgniter\CodeIgniter->handleRequest(null, Object(Config\Cache), false)
 7 FCPATH\index.php(67): CodeIgniter\CodeIgniter->run()
 8 SYSTEMPATH\Commands\Server\rewrite.php(47): require_once('E:\\xampp\\htdocs\\yourlibaas_v4\\public\\index.php')
INFO - 2023-06-12 14:28:12 --> Session: Class initialized using 'CodeIgniter\Session\Handlers\FileHandler' driver.
CRITICAL - 2023-06-12 14:28:12 --> Deletes are not allowed unless they contain a "where" or "like" clause.
in SYSTEMPATH\Database\BaseBuilder.php on line 2767.
 1 SYSTEMPATH\Model.php(456): CodeIgniter\Database\BaseBuilder->delete()
 2 SYSTEMPATH\BaseModel.php(1065): CodeIgniter\Model->doDelete('', false)
 3 APPPATH\Controllers\Admin\Ajax.php(207): CodeIgniter\BaseModel->delete('')
 4 SYSTEMPATH\CodeIgniter.php(934): App\Controllers\Admin\Ajax->deleteitem()
 5 SYSTEMPATH\CodeIgniter.php(499): CodeIgniter\CodeIgniter->runController(Object(App\Controllers\Admin\Ajax))
 6 SYSTEMPATH\CodeIgniter.php(368): CodeIgniter\CodeIgniter->handleRequest(null, Object(Config\Cache), false)
 7 FCPATH\index.php(67): CodeIgniter\CodeIgniter->run()
 8 SYSTEMPATH\Commands\Server\rewrite.php(47): require_once('E:\\xampp\\htdocs\\yourlibaas_v4\\public\\index.php')
INFO - 2023-06-12 14:29:52 --> Session: Class initialized using 'CodeIgniter\Session\Handlers\FileHandler' driver.
INFO - 2023-06-12 14:30:13 --> Session: Class initialized using 'CodeIgniter\Session\Handlers\FileHandler' driver.
INFO - 2023-06-12 14:30:37 --> Session: Class initialized using 'CodeIgniter\Session\Handlers\FileHandler' driver.
INFO - 2023-06-12 14:30:55 --> Session: Class initialized using 'CodeIgniter\Session\Handlers\FileHandler' driver.
CRITICAL - 2023-06-12 14:30:55 --> Deletes are not allowed unless they contain a "where" or "like" clause.
in SYSTEMPATH\Database\BaseBuilder.php on line 2767.
 1 SYSTEMPATH\Model.php(456): CodeIgniter\Database\BaseBuilder->delete()
 2 SYSTEMPATH\BaseModel.php(1065): CodeIgniter\Model->doDelete('', false)
 3 APPPATH\Controllers\Admin\Ajax.php(207): CodeIgniter\BaseModel->delete('')
 4 SYSTEMPATH\CodeIgniter.php(934): App\Controllers\Admin\Ajax->deleteitem()
 5 SYSTEMPATH\CodeIgniter.php(499): CodeIgniter\CodeIgniter->runController(Object(App\Controllers\Admin\Ajax))
 6 SYSTEMPATH\CodeIgniter.php(368): CodeIgniter\CodeIgniter->handleRequest(null, Object(Config\Cache), false)
 7 FCPATH\index.php(67): CodeIgniter\CodeIgniter->run()
 8 SYSTEMPATH\Commands\Server\rewrite.php(47): require_once('E:\\xampp\\htdocs\\yourlibaas_v4\\public\\index.php')
INFO - 2023-06-12 14:31:05 --> Session: Class initialized using 'CodeIgniter\Session\Handlers\FileHandler' driver.
INFO - 2023-06-12 14:31:32 --> Session: Class initialized using 'CodeIgniter\Session\Handlers\FileHandler' driver.
INFO - 2023-06-12 14:31:49 --> Session: Class initialized using 'CodeIgniter\Session\Handlers\FileHandler' driver.
INFO - 2023-06-12 14:32:14 --> Session: Class initialized using 'CodeIgniter\Session\Handlers\FileHandler' driver.
INFO - 2023-06-12 14:32:15 --> Session: Class initialized using 'CodeIgniter\Session\Handlers\FileHandler' driver.
